[2020-07-03 14:14:05,861][root][log.py][INFO]:我要学法-漫画查看――测试开始前准备
[2020-07-03 14:14:05,861][root][log.py][INFO]:>>>>>>>>>>>>>>测试执行
[2020-07-03 14:14:05,897][root][log.py][INFO]:我要学法-漫画查看预期响应：200实际响应：200
[2020-07-03 14:14:05,897][root][log.py][INFO]:测试结束，输出log完结


[2020-07-03 14:14:05,897][root][log.py][INFO]:我要学法-视频查看――测试开始前准备
[2020-07-03 14:14:05,897][root][log.py][INFO]:>>>>>>>>>>>>>>测试执行
[2020-07-03 14:14:05,913][root][log.py][INFO]:我要学法-视频查看预期响应：200实际响应：200
[2020-07-03 14:14:05,913][root][log.py][INFO]:测试结束，输出log完结


[2020-07-03 14:14:05,913][root][log.py][INFO]:我要学法-不存在的ID――测试开始前准备
[2020-07-03 14:14:05,913][root][log.py][INFO]:>>>>>>>>>>>>>>测试执行
[2020-07-03 14:14:06,381][root][log.py][INFO]:我要学法-不存在的ID预期响应：200实际响应：200
[2020-07-03 14:14:06,381][root][log.py][INFO]:测试结束，输出log完结


[2020-07-03 14:14:06,381][root][log.py][INFO]:我要学法-不存在的ID――测试开始前准备
[2020-07-03 14:14:06,381][root][log.py][INFO]:>>>>>>>>>>>>>>测试执行
[2020-07-03 14:14:06,406][root][log.py][INFO]:我要学法-不存在的ID预期响应：200实际响应：200
[2020-07-03 14:14:06,406][root][log.py][INFO]:测试结束，输出log完结


[2020-07-03 14:14:09,474][root][log.py][INFO]:>>>>>>>>>>>>>>>>>send email successful
[2020-07-03 14:14:09,642][root][log.py][INFO]:>>>>>>>>>>>>>>>>>send DingDing successful
[2020-07-03 14:27:18,406][root][log.py][INFO]:我要学法-漫画查看――测试开始前准备
[2020-07-03 14:27:18,406][root][log.py][INFO]:>>>>>>>>>>>>>>测试执行
[2020-07-03 14:27:18,431][root][log.py][INFO]:我要学法-漫画查看预期响应：200实际响应：200
[2020-07-03 14:27:18,432][root][log.py][INFO]:测试结束，输出log完结


[2020-07-03 14:27:18,432][root][log.py][INFO]:我要学法-视频查看――测试开始前准备
[2020-07-03 14:27:18,432][root][log.py][INFO]:>>>>>>>>>>>>>>测试执行
[2020-07-03 14:27:18,451][root][log.py][INFO]:我要学法-视频查看预期响应：200实际响应：200
[2020-07-03 14:27:18,451][root][log.py][INFO]:测试结束，输出log完结


[2020-07-03 14:27:18,451][root][log.py][INFO]:我要学法-不存在的ID――测试开始前准备
[2020-07-03 14:27:18,451][root][log.py][INFO]:>>>>>>>>>>>>>>测试执行
[2020-07-03 14:27:18,462][root][log.py][INFO]:我要学法-不存在的ID预期响应：200实际响应：200
[2020-07-03 14:27:18,462][root][log.py][INFO]:测试结束，输出log完结


[2020-07-03 14:27:18,462][root][log.py][INFO]:我要学法-不存在的ID――测试开始前准备
[2020-07-03 14:27:18,462][root][log.py][INFO]:>>>>>>>>>>>>>>测试执行
[2020-07-03 14:27:18,486][root][log.py][INFO]:我要学法-不存在的ID预期响应：200实际响应：200
[2020-07-03 14:27:18,487][root][log.py][INFO]:测试结束，输出log完结


[2020-07-03 14:27:18,933][root][log.py][INFO]:>>>>>>>>>>>>>>>>>send email successful
[2020-07-03 14:27:18,933][root][log.py][INFO]:>>>>>>>>>>>>>>>>>send DingDing successful
[2020-07-03 14:28:09,166][root][log.py][INFO]:我要学法-漫画查看――测试开始前准备
[2020-07-03 14:28:09,166][root][log.py][INFO]:>>>>>>>>>>>>>>测试执行
[2020-07-03 14:28:09,206][root][log.py][INFO]:我要学法-漫画查看预期响应：200实际响应：200
[2020-07-03 14:28:09,206][root][log.py][INFO]:测试结束，输出log完结


[2020-07-03 14:28:09,206][root][log.py][INFO]:我要学法-视频查看――测试开始前准备
[2020-07-03 14:28:09,206][root][log.py][INFO]:>>>>>>>>>>>>>>测试执行
[2020-07-03 14:28:09,234][root][log.py][INFO]:我要学法-视频查看预期响应：200实际响应：200
[2020-07-03 14:28:09,234][root][log.py][INFO]:测试结束，输出log完结


[2020-07-03 14:28:09,234][root][log.py][INFO]:我要学法-不存在的ID――测试开始前准备
[2020-07-03 14:28:09,234][root][log.py][INFO]:>>>>>>>>>>>>>>测试执行
[2020-07-03 14:28:09,248][root][log.py][INFO]:我要学法-不存在的ID预期响应：200实际响应：200
[2020-07-03 14:28:09,248][root][log.py][INFO]:测试结束，输出log完结


[2020-07-03 14:28:09,249][root][log.py][INFO]:我要学法-不存在的ID――测试开始前准备
[2020-07-03 14:28:09,249][root][log.py][INFO]:>>>>>>>>>>>>>>测试执行
[2020-07-03 14:28:09,277][root][log.py][INFO]:我要学法-不存在的ID预期响应：200实际响应：200
[2020-07-03 14:28:09,277][root][log.py][INFO]:测试结束，输出log完结


[2020-07-03 14:28:09,711][root][log.py][INFO]:>>>>>>>>>>>>>>>>>send email successful
[2020-07-03 14:28:09,711][root][log.py][INFO]:>>>>>>>>>>>>>>>>>send DingDing successful
[2020-07-03 14:28:24,111][root][log.py][INFO]:我要学法-漫画查看――测试开始前准备
[2020-07-03 14:28:24,111][root][log.py][INFO]:>>>>>>>>>>>>>>测试执行
[2020-07-03 14:28:24,135][root][log.py][INFO]:我要学法-漫画查看预期响应：200实际响应：200
[2020-07-03 14:28:24,135][root][log.py][INFO]:测试结束，输出log完结


[2020-07-03 14:28:24,135][root][log.py][INFO]:我要学法-视频查看――测试开始前准备
[2020-07-03 14:28:24,135][root][log.py][INFO]:>>>>>>>>>>>>>>测试执行
[2020-07-03 14:28:24,150][root][log.py][INFO]:我要学法-视频查看预期响应：200实际响应：200
[2020-07-03 14:28:24,150][root][log.py][INFO]:测试结束，输出log完结


[2020-07-03 14:28:24,150][root][log.py][INFO]:我要学法-不存在的ID――测试开始前准备
[2020-07-03 14:28:24,150][root][log.py][INFO]:>>>>>>>>>>>>>>测试执行
[2020-07-03 14:28:24,166][root][log.py][INFO]:我要学法-不存在的ID预期响应：200实际响应：200
[2020-07-03 14:28:24,166][root][log.py][INFO]:测试结束，输出log完结


[2020-07-03 14:28:24,166][root][log.py][INFO]:我要学法-不存在的ID――测试开始前准备
[2020-07-03 14:28:24,167][root][log.py][INFO]:>>>>>>>>>>>>>>测试执行
[2020-07-03 14:28:24,200][root][log.py][INFO]:我要学法-不存在的ID预期响应：200实际响应：200
[2020-07-03 14:28:24,200][root][log.py][INFO]:测试结束，输出log完结


[2020-07-03 14:28:25,669][root][log.py][INFO]:>>>>>>>>>>>>>>>>>send email successful
[2020-07-03 14:28:25,669][root][log.py][INFO]:>>>>>>>>>>>>>>>>>send DingDing successful
[2020-07-03 14:33:16,862][root][log.py][INFO]:我要学法-漫画查看――测试开始前准备
[2020-07-03 14:33:16,862][root][log.py][INFO]:>>>>>>>>>>>>>>测试执行
[2020-07-03 14:33:16,897][root][log.py][INFO]:我要学法-漫画查看预期响应：200实际响应：200
[2020-07-03 14:33:16,897][root][log.py][INFO]:测试结束，输出log完结


[2020-07-03 14:33:16,897][root][log.py][INFO]:我要学法-视频查看――测试开始前准备
[2020-07-03 14:33:16,897][root][log.py][INFO]:>>>>>>>>>>>>>>测试执行
[2020-07-03 14:33:16,913][root][log.py][INFO]:我要学法-视频查看预期响应：200实际响应：200
[2020-07-03 14:33:16,913][root][log.py][INFO]:测试结束，输出log完结


[2020-07-03 14:33:16,914][root][log.py][INFO]:我要学法-不存在的ID――测试开始前准备
[2020-07-03 14:33:16,914][root][log.py][INFO]:>>>>>>>>>>>>>>测试执行
[2020-07-03 14:33:16,926][root][log.py][INFO]:我要学法-不存在的ID预期响应：200实际响应：200
[2020-07-03 14:33:16,927][root][log.py][INFO]:测试结束，输出log完结


[2020-07-03 14:33:16,927][root][log.py][INFO]:我要学法-不存在的ID――测试开始前准备
[2020-07-03 14:33:16,927][root][log.py][INFO]:>>>>>>>>>>>>>>测试执行
[2020-07-03 14:33:16,938][root][log.py][INFO]:我要学法-不存在的ID预期响应：200实际响应：200
[2020-07-03 14:33:16,939][root][log.py][INFO]:测试结束，输出log完结


[2020-07-03 14:33:18,481][root][log.py][INFO]:>>>>>>>>>>>>>>>>>send email successful
[2020-07-03 14:33:18,481][root][log.py][INFO]:>>>>>>>>>>>>>>>>>send DingDing successful
[2020-07-03 14:44:28,921][root][log.py][INFO]:我要学法-漫画查看――测试开始前准备
[2020-07-03 14:44:28,922][root][log.py][INFO]:>>>>>>>>>>>>>>测试执行
[2020-07-03 14:44:28,954][root][log.py][INFO]:我要学法-漫画查看预期响应：200实际响应：200
[2020-07-03 14:44:28,954][root][log.py][INFO]:测试结束，输出log完结


[2020-07-03 14:44:28,954][root][log.py][INFO]:我要学法-视频查看――测试开始前准备
[2020-07-03 14:44:28,954][root][log.py][INFO]:>>>>>>>>>>>>>>测试执行
[2020-07-03 14:44:28,973][root][log.py][INFO]:我要学法-视频查看预期响应：200实际响应：200
[2020-07-03 14:44:28,973][root][log.py][INFO]:测试结束，输出log完结


[2020-07-03 14:44:28,973][root][log.py][INFO]:我要学法-不存在的ID――测试开始前准备
[2020-07-03 14:44:28,973][root][log.py][INFO]:>>>>>>>>>>>>>>测试执行
[2020-07-03 14:44:28,985][root][log.py][INFO]:我要学法-不存在的ID预期响应：200实际响应：200
[2020-07-03 14:44:28,985][root][log.py][INFO]:测试结束，输出log完结


[2020-07-03 14:44:28,985][root][log.py][INFO]:我要学法-不存在的ID――测试开始前准备
[2020-07-03 14:44:28,985][root][log.py][INFO]:>>>>>>>>>>>>>>测试执行
[2020-07-03 14:44:29,008][root][log.py][INFO]:我要学法-不存在的ID预期响应：200实际响应：200
[2020-07-03 14:44:29,008][root][log.py][INFO]:测试结束，输出log完结


[2020-07-03 14:44:29,230][root][log.py][INFO]:>>>>>>>>>>>>>>>>>send email successful
[2020-07-03 14:44:29,230][root][log.py][INFO]:>>>>>>>>>>>>>>>>>send DingDing successful
[2020-07-03 14:48:19,180][root][log.py][INFO]:我要学法-漫画查看――测试开始前准备
[2020-07-03 14:48:19,181][root][log.py][INFO]:>>>>>>>>>>>>>>测试执行
[2020-07-03 14:48:19,220][root][log.py][INFO]:我要学法-漫画查看预期响应：200实际响应：200
[2020-07-03 14:48:19,220][root][log.py][INFO]:测试结束，输出log完结


[2020-07-03 14:48:19,220][root][log.py][INFO]:我要学法-视频查看――测试开始前准备
[2020-07-03 14:48:19,220][root][log.py][INFO]:>>>>>>>>>>>>>>测试执行
[2020-07-03 14:48:19,251][root][log.py][INFO]:我要学法-视频查看预期响应：200实际响应：200
[2020-07-03 14:48:19,251][root][log.py][INFO]:测试结束，输出log完结


[2020-07-03 14:48:19,251][root][log.py][INFO]:我要学法-不存在的ID――测试开始前准备
[2020-07-03 14:48:19,252][root][log.py][INFO]:>>>>>>>>>>>>>>测试执行
[2020-07-03 14:48:19,275][root][log.py][INFO]:我要学法-不存在的ID预期响应：200实际响应：200
[2020-07-03 14:48:19,275][root][log.py][INFO]:测试结束，输出log完结


[2020-07-03 14:48:19,276][root][log.py][INFO]:我要学法-不存在的ID――测试开始前准备
[2020-07-03 14:48:19,276][root][log.py][INFO]:>>>>>>>>>>>>>>测试执行
[2020-07-03 14:48:19,299][root][log.py][INFO]:我要学法-不存在的ID预期响应：200实际响应：200
[2020-07-03 14:48:19,299][root][log.py][INFO]:测试结束，输出log完结


[2020-07-03 14:48:20,235][root][log.py][INFO]:>>>>>>>>>>>>>>>>>send email successful
[2020-07-03 14:48:20,236][root][log.py][INFO]:>>>>>>>>>>>>>>>>>send DingDing successful
[2020-07-03 14:53:38,683][root][log.py][INFO]:我要学法-漫画查看――测试开始前准备
[2020-07-03 14:53:38,683][root][log.py][INFO]:>>>>>>>>>>>>>>测试执行
[2020-07-03 14:53:38,729][root][log.py][INFO]:我要学法-漫画查看预期响应：200实际响应：200
[2020-07-03 14:53:38,729][root][log.py][INFO]:测试结束，输出log完结


[2020-07-03 14:53:38,729][root][log.py][INFO]:我要学法-视频查看――测试开始前准备
[2020-07-03 14:53:38,729][root][log.py][INFO]:>>>>>>>>>>>>>>测试执行
[2020-07-03 14:53:38,758][root][log.py][INFO]:我要学法-视频查看预期响应：200实际响应：200
[2020-07-03 14:53:38,759][root][log.py][INFO]:测试结束，输出log完结


[2020-07-03 14:53:38,759][root][log.py][INFO]:我要学法-不存在的ID――测试开始前准备
[2020-07-03 14:53:38,759][root][log.py][INFO]:>>>>>>>>>>>>>>测试执行
[2020-07-03 14:53:38,774][root][log.py][INFO]:我要学法-不存在的ID预期响应：200实际响应：200
[2020-07-03 14:53:38,774][root][log.py][INFO]:测试结束，输出log完结


[2020-07-03 14:53:38,774][root][log.py][INFO]:我要学法-不存在的ID――测试开始前准备
[2020-07-03 14:53:38,774][root][log.py][INFO]:>>>>>>>>>>>>>>测试执行
[2020-07-03 14:53:38,798][root][log.py][INFO]:我要学法-不存在的ID预期响应：200实际响应：200
[2020-07-03 14:53:38,798][root][log.py][INFO]:测试结束，输出log完结


[2020-07-03 14:53:38,865][root][log.py][INFO]:>>>>>>>>>>>>>>>>>send email successful
[2020-07-03 14:53:38,865][root][log.py][INFO]:>>>>>>>>>>>>>>>>>send DingDing successful
[2020-07-03 14:55:55,724][root][log.py][INFO]:我要学法-漫画查看――测试开始前准备
[2020-07-03 14:55:55,725][root][log.py][INFO]:>>>>>>>>>>>>>>测试执行
[2020-07-03 14:55:55,762][root][log.py][INFO]:我要学法-漫画查看预期响应：200实际响应：200
[2020-07-03 14:55:55,762][root][log.py][INFO]:测试结束，输出log完结


[2020-07-03 14:55:55,762][root][log.py][INFO]:我要学法-视频查看――测试开始前准备
[2020-07-03 14:55:55,763][root][log.py][INFO]:>>>>>>>>>>>>>>测试执行
[2020-07-03 14:55:55,788][root][log.py][INFO]:我要学法-视频查看预期响应：200实际响应：200
[2020-07-03 14:55:55,789][root][log.py][INFO]:测试结束，输出log完结


[2020-07-03 14:55:55,789][root][log.py][INFO]:我要学法-不存在的ID――测试开始前准备
[2020-07-03 14:55:55,789][root][log.py][INFO]:>>>>>>>>>>>>>>测试执行
[2020-07-03 14:55:55,808][root][log.py][INFO]:我要学法-不存在的ID预期响应：200实际响应：200
[2020-07-03 14:55:55,809][root][log.py][INFO]:测试结束，输出log完结


[2020-07-03 14:55:55,812][root][log.py][INFO]:我要学法-不存在的ID――测试开始前准备
[2020-07-03 14:55:55,813][root][log.py][INFO]:>>>>>>>>>>>>>>测试执行
[2020-07-03 14:55:55,827][root][log.py][INFO]:我要学法-不存在的ID预期响应：200实际响应：200
[2020-07-03 14:55:55,827][root][log.py][INFO]:测试结束，输出log完结


[2020-07-03 14:55:55,938][root][log.py][INFO]:>>>>>>>>>>>>>>>>>send email successful
[2020-07-03 14:55:55,938][root][log.py][INFO]:>>>>>>>>>>>>>>>>>send DingDing successful
[2020-07-03 15:00:22,543][root][log.py][INFO]:我要学法-漫画查看――测试开始前准备
[2020-07-03 15:00:22,543][root][log.py][INFO]:>>>>>>>>>>>>>>测试执行
[2020-07-03 15:00:22,591][root][log.py][INFO]:我要学法-漫画查看预期响应：200实际响应：200
[2020-07-03 15:00:22,592][root][log.py][INFO]:测试结束，输出log完结


[2020-07-03 15:00:22,592][root][log.py][INFO]:我要学法-视频查看――测试开始前准备
[2020-07-03 15:00:22,592][root][log.py][INFO]:>>>>>>>>>>>>>>测试执行
[2020-07-03 15:00:22,619][root][log.py][INFO]:我要学法-视频查看预期响应：200实际响应：200
[2020-07-03 15:00:22,619][root][log.py][INFO]:测试结束，输出log完结


[2020-07-03 15:00:22,619][root][log.py][INFO]:我要学法-不存在的ID――测试开始前准备
[2020-07-03 15:00:22,620][root][log.py][INFO]:>>>>>>>>>>>>>>测试执行
[2020-07-03 15:00:22,642][root][log.py][INFO]:我要学法-不存在的ID预期响应：200实际响应：200
[2020-07-03 15:00:22,642][root][log.py][INFO]:测试结束，输出log完结


[2020-07-03 15:00:22,642][root][log.py][INFO]:我要学法-不存在的ID――测试开始前准备
[2020-07-03 15:00:22,642][root][log.py][INFO]:>>>>>>>>>>>>>>测试执行
[2020-07-03 15:00:22,654][root][log.py][INFO]:我要学法-不存在的ID预期响应：200实际响应：200
[2020-07-03 15:00:22,654][root][log.py][INFO]:测试结束，输出log完结


[2020-07-03 15:00:43,699][root][log.py][INFO]:>>>>>>>>>>>>>>>>>send email successful
[2020-07-03 15:00:43,699][root][log.py][INFO]:>>>>>>>>>>>>>>>>>send DingDing successful
[2020-07-03 15:00:55,623][root][log.py][INFO]:我要学法-漫画查看――测试开始前准备
[2020-07-03 15:00:55,624][root][log.py][INFO]:>>>>>>>>>>>>>>测试执行
[2020-07-03 15:00:55,647][root][log.py][INFO]:我要学法-漫画查看预期响应：200实际响应：200
[2020-07-03 15:00:55,647][root][log.py][INFO]:测试结束，输出log完结


[2020-07-03 15:00:55,648][root][log.py][INFO]:我要学法-视频查看――测试开始前准备
[2020-07-03 15:00:55,648][root][log.py][INFO]:>>>>>>>>>>>>>>测试执行
[2020-07-03 15:00:55,662][root][log.py][INFO]:我要学法-视频查看预期响应：200实际响应：200
[2020-07-03 15:00:55,662][root][log.py][INFO]:测试结束，输出log完结


[2020-07-03 15:00:55,663][root][log.py][INFO]:我要学法-不存在的ID――测试开始前准备
[2020-07-03 15:00:55,663][root][log.py][INFO]:>>>>>>>>>>>>>>测试执行
[2020-07-03 15:00:55,674][root][log.py][INFO]:我要学法-不存在的ID预期响应：200实际响应：200
[2020-07-03 15:00:55,674][root][log.py][INFO]:测试结束，输出log完结


[2020-07-03 15:00:55,674][root][log.py][INFO]:我要学法-不存在的ID――测试开始前准备
[2020-07-03 15:00:55,674][root][log.py][INFO]:>>>>>>>>>>>>>>测试执行
[2020-07-03 15:00:55,684][root][log.py][INFO]:我要学法-不存在的ID预期响应：200实际响应：200
[2020-07-03 15:00:55,685][root][log.py][INFO]:测试结束，输出log完结


[2020-07-03 15:01:09,399][root][log.py][INFO]:我要学法-漫画查看――测试开始前准备
[2020-07-03 15:01:09,399][root][log.py][INFO]:>>>>>>>>>>>>>>测试执行
[2020-07-03 15:01:09,426][root][log.py][INFO]:我要学法-漫画查看预期响应：200实际响应：200
[2020-07-03 15:01:09,426][root][log.py][INFO]:测试结束，输出log完结


[2020-07-03 15:01:09,426][root][log.py][INFO]:我要学法-视频查看――测试开始前准备
[2020-07-03 15:01:09,426][root][log.py][INFO]:>>>>>>>>>>>>>>测试执行
[2020-07-03 15:01:09,443][root][log.py][INFO]:我要学法-视频查看预期响应：200实际响应：200
[2020-07-03 15:01:09,443][root][log.py][INFO]:测试结束，输出log完结


[2020-07-03 15:01:09,444][root][log.py][INFO]:我要学法-不存在的ID――测试开始前准备
[2020-07-03 15:01:09,444][root][log.py][INFO]:>>>>>>>>>>>>>>测试执行
[2020-07-03 15:01:09,456][root][log.py][INFO]:我要学法-不存在的ID预期响应：200实际响应：200
[2020-07-03 15:01:09,456][root][log.py][INFO]:测试结束，输出log完结


[2020-07-03 15:01:09,457][root][log.py][INFO]:我要学法-不存在的ID――测试开始前准备
[2020-07-03 15:01:09,457][root][log.py][INFO]:>>>>>>>>>>>>>>测试执行
[2020-07-03 15:01:09,469][root][log.py][INFO]:我要学法-不存在的ID预期响应：200实际响应：200
[2020-07-03 15:01:09,469][root][log.py][INFO]:测试结束，输出log完结


[2020-07-03 15:01:09,517][root][log.py][INFO]:>>>>>>>>>>>>>>>>>send email successful
[2020-07-03 15:01:09,517][root][log.py][INFO]:>>>>>>>>>>>>>>>>>send DingDing successful
[2020-07-03 15:01:43,473][root][log.py][INFO]:我要学法-漫画查看――测试开始前准备
[2020-07-03 15:01:43,473][root][log.py][INFO]:>>>>>>>>>>>>>>测试执行
[2020-07-03 15:01:43,499][root][log.py][INFO]:我要学法-漫画查看预期响应：200实际响应：200
[2020-07-03 15:01:43,499][root][log.py][INFO]:测试结束，输出log完结


[2020-07-03 15:01:43,499][root][log.py][INFO]:我要学法-视频查看――测试开始前准备
[2020-07-03 15:01:43,500][root][log.py][INFO]:>>>>>>>>>>>>>>测试执行
[2020-07-03 15:01:43,536][root][log.py][INFO]:我要学法-视频查看预期响应：200实际响应：200
[2020-07-03 15:01:43,537][root][log.py][INFO]:测试结束，输出log完结


[2020-07-03 15:01:43,537][root][log.py][INFO]:我要学法-不存在的ID――测试开始前准备
[2020-07-03 15:01:43,537][root][log.py][INFO]:>>>>>>>>>>>>>>测试执行
[2020-07-03 15:01:43,555][root][log.py][INFO]:我要学法-不存在的ID预期响应：200实际响应：200
[2020-07-03 15:01:43,555][root][log.py][INFO]:测试结束，输出log完结


[2020-07-03 15:01:43,555][root][log.py][INFO]:我要学法-不存在的ID――测试开始前准备
[2020-07-03 15:01:43,555][root][log.py][INFO]:>>>>>>>>>>>>>>测试执行
[2020-07-03 15:01:43,577][root][log.py][INFO]:我要学法-不存在的ID预期响应：200实际响应：200
[2020-07-03 15:01:43,577][root][log.py][INFO]:测试结束，输出log完结


[2020-07-03 15:01:44,403][root][log.py][INFO]:>>>>>>>>>>>>>>>>>send email successful
[2020-07-03 15:01:44,403][root][log.py][INFO]:>>>>>>>>>>>>>>>>>send DingDing successful
